<?xml version="1.0" encoding="UTF-8"?>
<!-- Generated by org.testng.reporters.JUnitReportReporter -->
<testsuite hostname="DESKTOP-6VOIP5G" failures="0" tests="7" name="testCases.StoreTests" time="3.447" errors="0" timestamp="2023-02-20T14:51:17 EST" skipped="0">
  <testcase classname="testCases.StoreTests" name="test_addStoreOrder" time="0.253"/>
  <system-out/>
  <testcase classname="testCases.StoreTests" name="test_getStoreInventory" time="0.233"/>
  <system-out/>
  <testcase classname="testCases.StoreTests" name="test_getStoreOrder" time="0.473"/>
  <system-out/>
  <testcase classname="testCases.StoreTests" name="test_deleteStoreOrder" time="0.227"/>
  <system-out/>
  <testcase classname="testCases.StoreTests" name="test_getStoreOrder" time="0.221"/>
  <system-out/>
  <testcase classname="testCases.StoreTests" name="test_deleteStoreOrder" time="0.231"/>
  <system-out/>
  <testcase classname="testCases.StoreTests" name="test_addStoreOrder" time="1.809"/>
  <system-out/>
</testsuite> <!-- testCases.StoreTests -->
